<?xml version="1.0" encoding="UTF-8"?>
<!-- Generated by org.testng.reporters.JUnitReportReporter -->
<testsuite hostname="LAPTOP-SAR5P7K4" failures="0" tests="1" name="Tom.Jerry" time="0.008" errors="0" timestamp="2022-09-23T18:44:24 IST" skipped="0">
  <testcase classname="Tom.Jerry" name="contact" time="0.008"/>
  <system-out/>
</testsuite> <!-- Tom.Jerry -->
